Installing dependencies from lock file
Verifying lock file contents can be installed on current platform.
Package operations: 84 installs, 0 updates, 0 removals
    Failed to download voku/portable-ascii from dist: The zip extension and unzip/7z commands are both missing, skipping.
Your command-line PHP is using multiple ini files. Run `php --ini` to show them.
    Now trying to download from source
  - Syncing voku/portable-ascii (2.0.3) into cache
    Failed to download symfony/polyfill-php80 from dist: The zip extension and unzip/7z commands are both missing, skipping.
Your command-line PHP is using multiple ini files. Run `php --ini` to show them.
    Now trying to download from source
  - Syncing symfony/polyfill-php80 (v1.33.0) into cache
    Failed to download symfony/polyfill-mbstring from dist: The zip extension and unzip/7z commands are both missing, skipping.
Your command-line PHP is using multiple ini files. Run `php --ini` to show them.
    Now trying to download from source
  - Syncing symfony/polyfill-mbstring (v1.33.0) into cache
    Failed to download symfony/polyfill-ctype from dist: The zip extension and unzip/7z commands are both missing, skipping.
Your command-line PHP is using multiple ini files. Run `php --ini` to show them.
    Now trying to download from source
  - Syncing symfony/polyfill-ctype (v1.33.0) into cache
    Failed to download phpoption/phpoption from dist: The zip extension and unzip/7z commands are both missing, skipping.
Your command-line PHP is using multiple ini files. Run `php --ini` to show them.
    Now trying to download from source
  - Syncing phpoption/phpoption (1.9.4) into cache
    Failed to download graham-campbell/result-type from dist: The zip extension and unzip/7z commands are both missing, skipping.
Your command-line PHP is using multiple ini files. Run `php --ini` to show them.
    Now trying to download from source
  - Syncing graham-campbell/result-type (v1.1.3) into cache
    Failed to download vlucas/phpdotenv from dist: The zip extension and unzip/7z commands are both missing, skipping.
Your command-line PHP is using multiple ini files. Run `php --ini` to show them.
    Now trying to download from source
  - Syncing vlucas/phpdotenv (v5.6.2) into cache
    Failed to download symfony/css-selector from dist: The zip extension and unzip/7z commands are both missing, skipping.
Your command-line PHP is using multiple ini files. Run `php --ini` to show them.
    Now trying to download from source
  - Syncing symfony/css-selector (v7.3.0) into cache
    Failed to download tijsverkoyen/css-to-inline-styles from dist: The zip extension and unzip/7z commands are both missing, skipping.
Your command-line PHP is using multiple ini files. Run `php --ini` to show them.
    Now trying to download from source
  - Syncing tijsverkoyen/css-to-inline-styles (v2.3.0) into cache
    Failed to download symfony/deprecation-contracts from dist: The zip extension and unzip/7z commands are both missing, skipping.
Your command-line PHP is using multiple ini files. Run `php --ini` to show them.
    Now trying to download from source
  - Syncing symfony/deprecation-contracts (v3.6.0) into cache
    Failed to download symfony/var-dumper from dist: The zip extension and unzip/7z commands are both missing, skipping.
Your command-line PHP is using multiple ini files. Run `php --ini` to show them.
    Now trying to download from source
  - Syncing symfony/var-dumper (v7.3.4) into cache
    Failed to download symfony/polyfill-uuid from dist: The zip extension and unzip/7z commands are both missing, skipping.
Your command-line PHP is using multiple ini files. Run `php --ini` to show them.
    Now trying to download from source
  - Syncing symfony/polyfill-uuid (v1.33.0) into cache
    Failed to download symfony/uid from dist: The zip extension and unzip/7z commands are both missing, skipping.
Your command-line PHP is using multiple ini files. Run `php --ini` to show them.
    Now trying to download from source
  - Syncing symfony/uid (v7.3.1) into cache
    Failed to download symfony/routing from dist: The zip extension and unzip/7z commands are both missing, skipping.
Your command-line PHP is using multiple ini files. Run `php --ini` to show them.
    Now trying to download from source
  - Syncing symfony/routing (v7.3.4) into cache
    Failed to download symfony/process from dist: The zip extension and unzip/7z commands are both missing, skipping.
Your command-line PHP is using multiple ini files. Run `php --ini` to show them.
    Now trying to download from source
  - Syncing symfony/process (v7.3.4) into cache
    Failed to download symfony/polyfill-php85 from dist: The zip extension and unzip/7z commands are both missing, skipping.
Your command-line PHP is using multiple ini files. Run `php --ini` to show them.
    Now trying to download from source
  - Syncing symfony/polyfill-php85 (v1.33.0) into cache
    Failed to download symfony/polyfill-php84 from dist: The zip extension and unzip/7z commands are both missing, skipping.
Your command-line PHP is using multiple ini files. Run `php --ini` to show them.
    Now trying to download from source
  - Syncing symfony/polyfill-php84 (v1.33.0) into cache
    Failed to download symfony/polyfill-php83 from dist: The zip extension and unzip/7z commands are both missing, skipping.
Your command-line PHP is using multiple ini files. Run `php --ini` to show them.
    Now trying to download from source
  - Syncing symfony/polyfill-php83 (v1.33.0) into cache
    Failed to download symfony/polyfill-intl-normalizer from dist: The zip extension and unzip/7z commands are both missing, skipping.
Your command-line PHP is using multiple ini files. Run `php --ini` to show them.
    Now trying to download from source
  - Syncing symfony/polyfill-intl-normalizer (v1.33.0) into cache
    Failed to download symfony/polyfill-intl-idn from dist: The zip extension and unzip/7z commands are both missing, skipping.
Your command-line PHP is using multiple ini files. Run `php --ini` to show them.
    Now trying to download from source
  - Syncing symfony/polyfill-intl-idn (v1.33.0) into cache
    Failed to download symfony/mime from dist: The zip extension and unzip/7z commands are both missing, skipping.
Your command-line PHP is using multiple ini files. Run `php --ini` to show them.
    Now trying to download from source
  - Syncing symfony/mime (v7.3.4) into cache
    Failed to download psr/container from dist: The zip extension and unzip/7z commands are both missing, skipping.
Your command-line PHP is using multiple ini files. Run `php --ini` to show them.
    Now trying to download from source
  - Syncing psr/container (2.0.2) into cache
    Failed to download symfony/service-contracts from dist: The zip extension and unzip/7z commands are both missing, skipping.
Your command-line PHP is using multiple ini files. Run `php --ini` to show them.
    Now trying to download from source
  - Syncing symfony/service-contracts (v3.6.0) into cache
    Failed to download psr/event-dispatcher from dist: The zip extension and unzip/7z commands are both missing, skipping.
Your command-line PHP is using multiple ini files. Run `php --ini` to show them.
    Now trying to download from source
  - Syncing psr/event-dispatcher (1.0.0) into cache
    Failed to download symfony/event-dispatcher-contracts from dist: The zip extension and unzip/7z commands are both missing, skipping.
Your command-line PHP is using multiple ini files. Run `php --ini` to show them.
    Now trying to download from source
  - Syncing symfony/event-dispatcher-contracts (v3.6.0) into cache
    Failed to download symfony/event-dispatcher from dist: The zip extension and unzip/7z commands are both missing, skipping.
Your command-line PHP is using multiple ini files. Run `php --ini` to show them.
    Now trying to download from source
  - Syncing symfony/event-dispatcher (v7.3.3) into cache
    Failed to download psr/log from dist: The zip extension and unzip/7z commands are both missing, skipping.
Your command-line PHP is using multiple ini files. Run `php --ini` to show them.
    Now trying to download from source
  - Syncing psr/log (3.0.2) into cache
    Failed to download doctrine/lexer from dist: The zip extension and unzip/7z commands are both missing, skipping.
Your command-line PHP is using multiple ini files. Run `php --ini` to show them.
    Now trying to download from source
  - Syncing doctrine/lexer (3.0.1) into cache
    Failed to download egulias/email-validator from dist: The zip extension and unzip/7z commands are both missing, skipping.
Your command-line PHP is using multiple ini files. Run `php --ini` to show them.
    Now trying to download from source
  - Syncing egulias/email-validator (4.0.4) into cache
    Failed to download symfony/mailer from dist: The zip extension and unzip/7z commands are both missing, skipping.
Your command-line PHP is using multiple ini files. Run `php --ini` to show them.
    Now trying to download from source
  - Syncing symfony/mailer (v7.3.4) into cache
    Failed to download symfony/http-foundation from dist: The zip extension and unzip/7z commands are both missing, skipping.
Your command-line PHP is using multiple ini files. Run `php --ini` to show them.
    Now trying to download from source
  - Syncing symfony/http-foundation (v7.3.4) into cache
    Failed to download symfony/error-handler from dist: The zip extension and unzip/7z commands are both missing, skipping.
Your command-line PHP is using multiple ini files. Run `php --ini` to show them.
    Now trying to download from source
  - Syncing symfony/error-handler (v7.3.4) into cache
    Failed to download symfony/http-kernel from dist: The zip extension and unzip/7z commands are both missing, skipping.
Your command-line PHP is using multiple ini files. Run `php --ini` to show them.
    Now trying to download from source
  - Syncing symfony/http-kernel (v7.3.4) into cache
    Failed to download symfony/finder from dist: The zip extension and unzip/7z commands are both missing, skipping.
Your command-line PHP is using multiple ini files. Run `php --ini` to show them.
    Now trying to download from source
  - Syncing symfony/finder (v7.3.2) into cache
    Failed to download symfony/polyfill-intl-grapheme from dist: The zip extension and unzip/7z commands are both missing, skipping.
Your command-line PHP is using multiple ini files. Run `php --ini` to show them.
    Now trying to download from source
  - Syncing symfony/polyfill-intl-grapheme (v1.33.0) into cache
    Failed to download symfony/string from dist: The zip extension and unzip/7z commands are both missing, skipping.
Your command-line PHP is using multiple ini files. Run `php --ini` to show them.
    Now trying to download from source
  - Syncing symfony/string (v7.3.4) into cache
    Failed to download symfony/console from dist: The zip extension and unzip/7z commands are both missing, skipping.
Your command-line PHP is using multiple ini files. Run `php --ini` to show them.
    Now trying to download from source
  - Syncing symfony/console (v7.3.4) into cache
    Failed to download ramsey/collection from dist: The zip extension and unzip/7z commands are both missing, skipping.
Your command-line PHP is using multiple ini files. Run `php --ini` to show them.
    Now trying to download from source
  - Syncing ramsey/collection (2.1.1) into cache
    Failed to download brick/math from dist: The zip extension and unzip/7z commands are both missing, skipping.
Your command-line PHP is using multiple ini files. Run `php --ini` to show them.
    Now trying to download from source
  - Syncing brick/math (0.14.0) into cache
    Failed to download ramsey/uuid from dist: The zip extension and unzip/7z commands are both missing, skipping.
Your command-line PHP is using multiple ini files. Run `php --ini` to show them.
    Now trying to download from source
  - Syncing ramsey/uuid (4.9.1) into cache
    Failed to download psr/simple-cache from dist: The zip extension and unzip/7z commands are both missing, skipping.
Your command-line PHP is using multiple ini files. Run `php --ini` to show them.
    Now trying to download from source
  - Syncing psr/simple-cache (3.0.0) into cache
    Failed to download nunomaduro/termwind from dist: The zip extension and unzip/7z commands are both missing, skipping.
Your command-line PHP is using multiple ini files. Run `php --ini` to show them.
    Now trying to download from source
  - Syncing nunomaduro/termwind (v2.3.1) into cache
    Failed to download symfony/translation-contracts from dist: The zip extension and unzip/7z commands are both missing, skipping.
Your command-line PHP is using multiple ini files. Run `php --ini` to show them.
    Now trying to download from source
  - Syncing symfony/translation-contracts (v3.6.0) into cache
    Failed to download symfony/translation from dist: The zip extension and unzip/7z commands are both missing, skipping.
Your command-line PHP is using multiple ini files. Run `php --ini` to show them.
    Now trying to download from source
  - Syncing symfony/translation (v7.3.4) into cache
    Failed to download psr/clock from dist: The zip extension and unzip/7z commands are both missing, skipping.
Your command-line PHP is using multiple ini files. Run `php --ini` to show them.
    Now trying to download from source
  - Syncing psr/clock (1.0.0) into cache
    Failed to download symfony/clock from dist: The zip extension and unzip/7z commands are both missing, skipping.
Your command-line PHP is using multiple ini files. Run `php --ini` to show them.
    Now trying to download from source
  - Syncing symfony/clock (v7.3.0) into cache
    Failed to download carbonphp/carbon-doctrine-types from dist: The zip extension and unzip/7z commands are both missing, skipping.
Your command-line PHP is using multiple ini files. Run `php --ini` to show them.
    Now trying to download from source
  - Syncing carbonphp/carbon-doctrine-types (3.2.0) into cache
    Failed to download nesbot/carbon from dist: The zip extension and unzip/7z commands are both missing, skipping.
Your command-line PHP is using multiple ini files. Run `php --ini` to show them.
    Now trying to download from source
  - Syncing nesbot/carbon (3.10.3) into cache
    Failed to download monolog/monolog from dist: The zip extension and unzip/7z commands are both missing, skipping.
Your command-line PHP is using multiple ini files. Run `php --ini` to show them.
    Now trying to download from source
  - Syncing monolog/monolog (3.9.0) into cache
    Failed to download psr/http-message from dist: The zip extension and unzip/7z commands are both missing, skipping.
Your command-line PHP is using multiple ini files. Run `php --ini` to show them.
    Now trying to download from source
  - Syncing psr/http-message (2.0) into cache
    Failed to download psr/http-factory from dist: The zip extension and unzip/7z commands are both missing, skipping.
Your command-line PHP is using multiple ini files. Run `php --ini` to show them.
    Now trying to download from source
  - Syncing psr/http-factory (1.1.0) into cache
    Failed to download league/uri-interfaces from dist: The zip extension and unzip/7z commands are both missing, skipping.
Your command-line PHP is using multiple ini files. Run `php --ini` to show them.
    Now trying to download from source
  - Syncing league/uri-interfaces (7.5.0) into cache
    Failed to download league/uri from dist: The zip extension and unzip/7z commands are both missing, skipping.
Your command-line PHP is using multiple ini files. Run `php --ini` to show them.
    Now trying to download from source
  - Syncing league/uri (7.5.1) into cache
    Failed to download league/mime-type-detection from dist: The zip extension and unzip/7z commands are both missing, skipping.
Your command-line PHP is using multiple ini files. Run `php --ini` to show them.
    Now trying to download from source
  - Syncing league/mime-type-detection (1.16.0) into cache
    Failed to download league/flysystem-local from dist: The zip extension and unzip/7z commands are both missing, skipping.
Your command-line PHP is using multiple ini files. Run `php --ini` to show them.
    Now trying to download from source
  - Syncing league/flysystem-local (3.30.0) into cache
    Failed to download league/flysystem from dist: The zip extension and unzip/7z commands are both missing, skipping.
Your command-line PHP is using multiple ini files. Run `php --ini` to show them.
    Now trying to download from source
  - Syncing league/flysystem (3.30.0) into cache
    Failed to download nette/utils from dist: The zip extension and unzip/7z commands are both missing, skipping.
Your command-line PHP is using multiple ini files. Run `php --ini` to show them.
    Now trying to download from source
  - Syncing nette/utils (v4.0.8) into cache
    Failed to download nette/schema from dist: The zip extension and unzip/7z commands are both missing, skipping.
Your command-line PHP is using multiple ini files. Run `php --ini` to show them.
    Now trying to download from source
  - Syncing nette/schema (v1.3.2) into cache
    Failed to download dflydev/dot-access-data from dist: The zip extension and unzip/7z commands are both missing, skipping.
Your command-line PHP is using multiple ini files. Run `php --ini` to show them.
    Now trying to download from source
  - Syncing dflydev/dot-access-data (v3.0.3) into cache
    Failed to download league/config from dist: The zip extension and unzip/7z commands are both missing, skipping.
Your command-line PHP is using multiple ini files. Run `php --ini` to show them.
    Now trying to download from source
  - Syncing league/config (v1.2.0) into cache
    Failed to download league/commonmark from dist: The zip extension and unzip/7z commands are both missing, skipping.
Your command-line PHP is using multiple ini files. Run `php --ini` to show them.
    Now trying to download from source
  - Syncing league/commonmark (2.7.1) into cache
    Failed to download laravel/serializable-closure from dist: The zip extension and unzip/7z commands are both missing, skipping.
Your command-line PHP is using multiple ini files. Run `php --ini` to show them.
    Now trying to download from source
  - Syncing laravel/serializable-closure (v2.0.5) into cache
    Failed to download laravel/prompts from dist: The zip extension and unzip/7z commands are both missing, skipping.
Your command-line PHP is using multiple ini files. Run `php --ini` to show them.
    Now trying to download from source
  - Syncing laravel/prompts (v0.3.7) into cache
    Failed to download guzzlehttp/uri-template from dist: The zip extension and unzip/7z commands are both missing, skipping.
Your command-line PHP is using multiple ini files. Run `php --ini` to show them.
    Now trying to download from source
  - Syncing guzzlehttp/uri-template (v1.0.5) into cache
    Failed to download psr/http-client from dist: The zip extension and unzip/7z commands are both missing, skipping.
Your command-line PHP is using multiple ini files. Run `php --ini` to show them.
    Now trying to download from source
  - Syncing psr/http-client (1.0.3) into cache
    Failed to download ralouphie/getallheaders from dist: The zip extension and unzip/7z commands are both missing, skipping.
Your command-line PHP is using multiple ini files. Run `php --ini` to show them.
    Now trying to download from source
  - Syncing ralouphie/getallheaders (3.0.3) into cache
    Failed to download guzzlehttp/psr7 from dist: The zip extension and unzip/7z commands are both missing, skipping.
Your command-line PHP is using multiple ini files. Run `php --ini` to show them.
    Now trying to download from source
  - Syncing guzzlehttp/psr7 (2.8.0) into cache
    Failed to download guzzlehttp/promises from dist: The zip extension and unzip/7z commands are both missing, skipping.
Your command-line PHP is using multiple ini files. Run `php --ini` to show them.
    Now trying to download from source
  - Syncing guzzlehttp/promises (2.3.0) into cache
    Failed to download guzzlehttp/guzzle from dist: The zip extension and unzip/7z commands are both missing, skipping.
Your command-line PHP is using multiple ini files. Run `php --ini` to show them.
    Now trying to download from source
  - Syncing guzzlehttp/guzzle (7.10.0) into cache
    Failed to download fruitcake/php-cors from dist: The zip extension and unzip/7z commands are both missing, skipping.
Your command-line PHP is using multiple ini files. Run `php --ini` to show them.
    Now trying to download from source
  - Syncing fruitcake/php-cors (v1.3.0) into cache
    Failed to download webmozart/assert from dist: The zip extension and unzip/7z commands are both missing, skipping.
Your command-line PHP is using multiple ini files. Run `php --ini` to show them.
    Now trying to download from source
  - Syncing webmozart/assert (1.11.0) into cache
    Failed to download dragonmantank/cron-expression from dist: The zip extension and unzip/7z commands are both missing, skipping.
Your command-line PHP is using multiple ini files. Run `php --ini` to show them.
    Now trying to download from source
  - Syncing dragonmantank/cron-expression (v3.4.0) into cache
    Failed to download doctrine/inflector from dist: The zip extension and unzip/7z commands are both missing, skipping.
Your command-line PHP is using multiple ini files. Run `php --ini` to show them.
    Now trying to download from source
  - Syncing doctrine/inflector (2.1.0) into cache
    Failed to download laravel/framework from dist: The zip extension and unzip/7z commands are both missing, skipping.
Your command-line PHP is using multiple ini files. Run `php --ini` to show them.
    Now trying to download from source
  - Syncing laravel/framework (v12.32.5) into cache
    Failed to download masterminds/html5 from dist: The zip extension and unzip/7z commands are both missing, skipping.
Your command-line PHP is using multiple ini files. Run `php --ini` to show them.
    Now trying to download from source
  - Syncing masterminds/html5 (2.10.0) into cache
    Failed to download sabberworm/php-css-parser from dist: The zip extension and unzip/7z commands are both missing, skipping.
Your command-line PHP is using multiple ini files. Run `php --ini` to show them.
    Now trying to download from source
  - Syncing sabberworm/php-css-parser (v8.9.0) into cache
    Failed to download dompdf/php-svg-lib from dist: The zip extension and unzip/7z commands are both missing, skipping.
Your command-line PHP is using multiple ini files. Run `php --ini` to show them.
    Now trying to download from source
  - Syncing dompdf/php-svg-lib (1.0.0) into cache
    Failed to download dompdf/php-font-lib from dist: The zip extension and unzip/7z commands are both missing, skipping.
Your command-line PHP is using multiple ini files. Run `php --ini` to show them.
    Now trying to download from source
  - Syncing dompdf/php-font-lib (1.0.1) into cache
    Failed to download dompdf/dompdf from dist: The zip extension and unzip/7z commands are both missing, skipping.
Your command-line PHP is using multiple ini files. Run `php --ini` to show them.
    Now trying to download from source
  - Syncing dompdf/dompdf (v3.1.2) into cache
    Failed to download barryvdh/laravel-dompdf from dist: The zip extension and unzip/7z commands are both missing, skipping.
Your command-line PHP is using multiple ini files. Run `php --ini` to show them.
    Now trying to download from source
  - Syncing barryvdh/laravel-dompdf (v3.1.1) into cache
    Failed to download nikic/php-parser from dist: The zip extension and unzip/7z commands are both missing, skipping.
Your command-line PHP is using multiple ini files. Run `php --ini` to show them.
    Now trying to download from source
  - Syncing nikic/php-parser (v5.6.1) into cache
    Failed to download psy/psysh from dist: The zip extension and unzip/7z commands are both missing, skipping.
Your command-line PHP is using multiple ini files. Run `php --ini` to show them.
    Now trying to download from source
  - Syncing psy/psysh (v0.12.12) into cache
    Failed to download laravel/tinker from dist: The zip extension and unzip/7z commands are both missing, skipping.
Your command-line PHP is using multiple ini files. Run `php --ini` to show them.
    Now trying to download from source
  - Syncing laravel/tinker (v2.10.1) into cache
    Failed to download livewire/livewire from dist: The zip extension and unzip/7z commands are both missing, skipping.
Your command-line PHP is using multiple ini files. Run `php --ini` to show them.
    Now trying to download from source
  - Syncing livewire/livewire (v3.6.4) into cache
    0 [>---------------------------]    0 [->--------------------------]
  - Installing voku/portable-ascii (2.0.3): Cloning b1d923f880 from cache
  - Installing symfony/polyfill-php80 (v1.33.0): Cloning 0cc9dd0f17 from cache
  - Installing symfony/polyfill-mbstring (v1.33.0): Cloning 6d857f4d76 from cache
  - Installing symfony/polyfill-ctype (v1.33.0): Cloning a3cc8b044a from cache
  - Installing phpoption/phpoption (1.9.4): Cloning 638a154f8d from cache
  - Installing graham-campbell/result-type (v1.1.3): Cloning 3ba905c113 from cache
  - Installing vlucas/phpdotenv (v5.6.2): Cloning 24ac4c74f9 from cache
  - Installing symfony/css-selector (v7.3.0): Cloning 601a5ce9aa from cache
  - Installing tijsverkoyen/css-to-inline-styles (v2.3.0): Cloning 0d72ac1c00 from cache
  - Installing symfony/deprecation-contracts (v3.6.0): Cloning 63afe740e9 from cache
  - Installing symfony/var-dumper (v7.3.4): Cloning b8abe7daf2 from cache
  - Installing symfony/polyfill-uuid (v1.33.0): Cloning 21533be36c from cache
  - Installing symfony/uid (v7.3.1): Cloning a69f69f315 from cache
  - Installing symfony/routing (v7.3.4): Cloning 8dc648e159 from cache
  - Installing symfony/process (v7.3.4): Cloning f24f8f3163 from cache
  - Installing symfony/polyfill-php85 (v1.33.0): Cloning d4e5fcd4ab from cache
  - Installing symfony/polyfill-php84 (v1.33.0): Cloning d8ced4d875 from cache
  - Installing symfony/polyfill-php83 (v1.33.0): Cloning 17f6f9a6b1 from cache
  - Installing symfony/polyfill-intl-normalizer (v1.33.0): Cloning 3833d7255c from cache
  - Installing symfony/polyfill-intl-idn (v1.33.0): Cloning 9614ac4d80 from cache
  - Installing symfony/mime (v7.3.4): Cloning b1b828f69c from cache
  - Installing psr/container (2.0.2): Cloning c71ecc56df from cache
  - Installing symfony/service-contracts (v3.6.0): Cloning f021b05a13 from cache
  - Installing psr/event-dispatcher (1.0.0): Cloning dbefd12671 from cache
  - Installing symfony/event-dispatcher-contracts (v3.6.0): Cloning 59eb412e93 from cache
  - Installing symfony/event-dispatcher (v7.3.3): Cloning b7dc69e71d from cache
  - Installing psr/log (3.0.2): Cloning f16e1d5863 from cache
  - Installing doctrine/lexer (3.0.1): Cloning 31ad66abc0 from cache
  - Installing egulias/email-validator (4.0.4): Cloning d42c8731f0 from cache
  - Installing symfony/mailer (v7.3.4): Cloning ab97ef2f7a from cache
  - Installing symfony/http-foundation (v7.3.4): Cloning c061c7c189 from cache
  - Installing symfony/error-handler (v7.3.4): Cloning 99f81bc944 from cache
  - Installing symfony/http-kernel (v7.3.4): Cloning b796dffea7 from cache
  - Installing symfony/finder (v7.3.2): Cloning 2a6614966b from cache
  - Installing symfony/polyfill-intl-grapheme (v1.33.0): Cloning 380872130d from cache
  - Installing symfony/string (v7.3.4): Cloning f964760351 from cache
  - Installing symfony/console (v7.3.4): Cloning 2b9c5fafba from cache
  - Installing ramsey/collection (2.1.1): Cloning 344572933a from cache
  - Installing brick/math (0.14.0): Cloning 113a8ee265 from cache
  - Installing ramsey/uuid (4.9.1): Cloning 81f941f6f7 from cache
  - Installing psr/simple-cache (3.0.0): Cloning 764e0b3939 from cache
  - Installing nunomaduro/termwind (v2.3.1): Cloning dfa08f390e from cache
  - Installing symfony/translation-contracts (v3.6.0): Cloning df210c7a25 from cache
  - Installing symfony/translation (v7.3.4): Cloning ec25870502 from cache
  - Installing psr/clock (1.0.0): Cloning e41a24703d from cache
  - Installing symfony/clock (v7.3.0): Cloning b81435fbd6 from cache
  - Installing carbonphp/carbon-doctrine-types (3.2.0): Cloning 18ba5ddfec from cache
  - Installing nesbot/carbon (3.10.3): Cloning 8e3643dcd1 from cache
  - Installing monolog/monolog (3.9.0): Cloning 10d8574018 from cache
  - Installing psr/http-message (2.0): Cloning 402d35bcb9 from cache
  - Installing psr/http-factory (1.1.0): Cloning 2b4765fddf from cache
  - Installing league/uri-interfaces (7.5.0): Cloning 08cfc6c4f3 from cache
  - Installing league/uri (7.5.1): Cloning 81fb5145d2 from cache
  - Installing league/mime-type-detection (1.16.0): Cloning 2d6702ff21 from cache
  - Installing league/flysystem-local (3.30.0): Cloning 6691915f77 from cache
  - Installing league/flysystem (3.30.0): Cloning 2203e31517 from cache
  - Installing nette/utils (v4.0.8): Cloning c930ca4e3c from cache
  - Installing nette/schema (v1.3.2): Cloning da801d52f0 from cache
  - Installing dflydev/dot-access-data (v3.0.3): Cloning a23a2bf4f3 from cache
  - Installing league/config (v1.2.0): Cloning 754b3604fb from cache
  - Installing league/commonmark (2.7.1): Cloning 1073224192 from cache
  - Installing laravel/serializable-closure (v2.0.5): Cloning 3832547db6 from cache
  - Installing laravel/prompts (v0.3.7): Cloning a1891d3627 from cache
  - Installing guzzlehttp/uri-template (v1.0.5): Cloning 4f4bbd4e71 from cache
  - Installing psr/http-client (1.0.3): Cloning bb5906edc1 from cache
  - Installing ralouphie/getallheaders (3.0.3): Cloning 120b605dfe from cache
  - Installing guzzlehttp/psr7 (2.8.0): Cloning 21dc724a05 from cache
  - Installing guzzlehttp/promises (2.3.0): Cloning 481557b130 from cache
  - Installing guzzlehttp/guzzle (7.10.0): Cloning b51ac707cf from cache
  - Installing fruitcake/php-cors (v1.3.0): Cloning 3d158f36e7 from cache
  - Installing webmozart/assert (1.11.0): Cloning 11cb219949 from cache
  - Installing dragonmantank/cron-expression (v3.4.0): Cloning 8c784d071d from cache
  - Installing doctrine/inflector (2.1.0): Cloning 6d6c96277e from cache
  - Installing laravel/framework (v12.32.5): Cloning 77b2740391 from cache
  - Installing masterminds/html5 (2.10.0): Cloning fcf91eb643 from cache
  - Installing sabberworm/php-css-parser (v8.9.0): Cloning d8e916507b from cache
  - Installing dompdf/php-svg-lib (1.0.0): Cloning eb045e5181 from cache
  - Installing dompdf/php-font-lib (1.0.1): Cloning 6137b7d423 from cache
  - Installing dompdf/dompdf (v3.1.2): Cloning b3493e35d3 from cache
  - Installing barryvdh/laravel-dompdf (v3.1.1): Cloning 8e71b99fc5 from cache
  - Installing nikic/php-parser (v5.6.1): Cloning f103601b29 from cache
    Skipped installation of bin bin/php-parse for package nikic/php-parser: name conflicts with an existing file
  - Installing psy/psysh (v0.12.12): Cloning cd23863404 from cache
  - Installing laravel/tinker (v2.10.1): Cloning 22177cc718 from cache
  - Installing livewire/livewire (v3.6.4): Cloning ef04be759d from cache
    0 [>---------------------------]    0 [->--------------------------]
Generating optimized autoload files
Warning: Ambiguous class resolution, "League\Flysystem\Local\LocalFilesystemAdapter" was found in both "/app/vendor/league/flysystem-local/LocalFilesystemAdapter.php" and "/app/vendor/league/flysystem/src/Local/LocalFilesystemAdapter.php", the first will be used.
Warning: Ambiguous class resolution, "League\Flysystem\Local\FallbackMimeTypeDetector" was found in both "/app/vendor/league/flysystem-local/FallbackMimeTypeDetector.php" and "/app/vendor/league/flysystem/src/Local/FallbackMimeTypeDetector.php", the first will be used.
Warning: Ambiguous class resolution, "League\Flysystem\Local\LocalFilesystemAdapterTest" was found in both "/app/vendor/league/flysystem-local/LocalFilesystemAdapterTest.php" and "/app/vendor/league/flysystem/src/Local/LocalFilesystemAdapterTest.php", the first will be used.
To resolve ambiguity in classes not under your control you can ignore them by path using exclude-from-classmap
> Illuminate\Foundation\ComposerScripts::postAutoloadDump
> @php artisan package:discover --ansi

  [37;44m INFO [39;49m Discovering packages.  

  barryvdh/laravel-dompdf [90m.[39m[90m.[39m[90m.[39m[90m.[39m[90m.[39m[90m.[39m[90m.[39m[90m.[39m[90m.[39m[90m.[39m[90m.[39m[90m.[39m[90m.[39m[90m.[39m[90m.[39m[90m.[39m[90m.[39m[90m.[39m[90m.[39m[90m.[39m[90m.[39m[90m.[39m[90m.[39m[90m.[39m[90m.[39m[90m.[39m[90m.[39m[90m.[39m[90m.[39m[90m.[39m[90m.[39m[90m.[39m[90m.[39m[90m.[39m[90m.[39m[90m.[39m[90m.[39m[90m.[39m[90m.[39m[90m.[39m[90m.[39m[90m.[39m[90m.[39m[90m.[39m[90m.[39m[90m.[39m[90m.[39m [32;1mDONE[39;22m
  nesbot/carbon [90m.[39m[90m.[39m[90m.[39m[90m.[39m[90m.[39m[90m.[39m[90m.[39m[90m.[39m[90m.[39m[90m.[39m[90m.[39m[90m.[39m[90m.[39m[90m.[39m[90m.[39m[90m.[39m[90m.[39m[90m.[39m[90m.[39m[90m.[39m[90m.[39m[90m.[39m[90m.[39m[90m.[39m[90m.[39m[90m.[39m[90m.[39m[90m.[39m[90m.[39m[90m.[39m[90m.[39m[90m.[39m[90m.[39m[90m.[39m[90m.[39m[90m.[39m[90m.[39m[90m.[39m[90m.[39m[90m.[39m[90m.[39m[90m.[39m[90m.[39m[90m.[39m[90m.[39m[90m.[39m[90m.[39m[90m.[39m[90m.[39m[90m.[39m[90m.[39m[90m.[39m[90m.[39m[90m.[39m[90m.[39m[90m.[39m[90m.[39m [32;1mDONE[39;22m
  nunomaduro/termwind [90m.[39m[90m.[39m[90m.[39m[90m.[39m[90m.[39m[90m.[39m[90m.[39m[90m.[39m[90m.[39m[90m.[39m[90m.[39m[90m.[39m[90m.[39m[90m.[39m[90m.[39m[90m.[39m[90m.[39m[90m.[39m[90m.[39m[90m.[39m[90m.[39m[90m.[39m[90m.[39m[90m.[39m[90m.[39m[90m.[39m[90m.[39m[90m.[39m[90m.[39m[90m.[39m[90m.[39m[90m.[39m[90m.[39m[90m.[39m[90m.[39m[90m.[39m[90m.[39m[90m.[39m[90m.[39m[90m.[39m[90m.[39m[90m.[39m[90m.[39m[90m.[39m[90m.[39m[90m.[39m[90m.[39m[90m.[39m[90m.[39m[90m.[39m[90m.[39m [32;1mDONE[39;22m

55 packages you are using are looking for funding.
Use the `composer fund` command to find out more!
